Mon Oct 06 21:03:58 IST 2025 - Admin logged in
Mon Oct 06 21:03:58 IST 2025 - Loaded users from file
Mon Oct 06 21:04:37 IST 2025 - Added user: Virat
Mon Oct 06 21:04:37 IST 2025 - Saved users to file (count=2)
Mon Oct 06 21:05:42 IST 2025 - Admin logged in
Mon Oct 06 21:05:42 IST 2025 - Loaded users from file
Mon Oct 06 21:07:22 IST 2025 - Admin logged in
Mon Oct 06 21:07:22 IST 2025 - Loaded users from file
Mon Oct 06 21:14:28 IST 2025 - Admin logged in
Mon Oct 06 21:14:28 IST 2025 - Loaded users from file
Mon Oct 06 21:22:21 IST 2025 - Admin logged in
Mon Oct 06 21:22:21 IST 2025 - Loaded users from file
Mon Oct 06 21:29:53 IST 2025 - Admin logged in
Mon Oct 06 21:29:53 IST 2025 - Loaded users from file
Mon Oct 06 21:30:20 IST 2025 - Admin logged in
Mon Oct 06 21:30:20 IST 2025 - Loaded users from file
Mon Oct 06 21:47:40 IST 2025 - Admin logged in
Mon Oct 06 21:47:40 IST 2025 - Initialized demo users
Mon Oct 06 21:47:40 IST 2025 - Saved users to file (count=3)
Mon Oct 06 21:49:41 IST 2025 - Admin logged in
Mon Oct 06 21:49:41 IST 2025 - Loaded users from file
Mon Oct 06 21:50:17 IST 2025 - Added user: Virat
Mon Oct 06 21:50:17 IST 2025 - Saved users to file (count=4)
Mon Oct 06 21:50:49 IST 2025 - Removed user: Virat
Mon Oct 06 21:50:49 IST 2025 - Saved users to file (count=3)
Mon Oct 06 21:51:09 IST 2025 - Saved users to file (count=3)
